<?xml version="1.0" encoding="UTF-8"?>
<!-- Generated by org.testng.reporters.JUnitReportReporter -->
<testsuite hostname="Nanithan" failures="0" tests="1" name="com.selenium.sprint1.S10_34CreateTask" time="40.084" errors="0" timestamp="2023-10-29T12:52:00 IST" skipped="0">
  <testcase classname="com.selenium.sprint1.S10_34CreateTask" name="CreateTask" time="40.084"/>
  <system-out/>
</testsuite> <!-- com.selenium.sprint1.S10_34CreateTask -->
