<?xml version="1.0" encoding="UTF-8"?>
<!-- Generated by org.testng.reporters.JUnitReportReporter -->
<testsuite hostname="Nanithan" failures="0" tests="1" name="com.selenium.sprint1.S10_52servicesortorder" time="133.453" errors="0" timestamp="2023-11-03T22:13:18 IST" skipped="0">
  <testcase classname="com.selenium.sprint1.S10_52servicesortorder" name="ServicesSort" time="133.453"/>
  <system-out/>
</testsuite> <!-- com.selenium.sprint1.S10_52servicesortorder -->
