<?xml version="1.0" encoding="UTF-8"?>
<!-- Generated by org.testng.reporters.JUnitReportReporter -->
<testsuite hostname="Nanithan" failures="0" tests="1" name="com.selenium.sprint1.S10_106MandatoryFieldsCreatePayment" time="39.789" errors="0" timestamp="2023-10-31T11:17:26 IST" skipped="0">
  <testcase classname="com.selenium.sprint1.S10_106MandatoryFieldsCreatePayment" name="MandatoryFieldForCreatePayment" time="39.789"/>
  <system-out/>
</testsuite> <!-- com.selenium.sprint1.S10_106MandatoryFieldsCreatePayment -->
